# JRE version: Java(TM) SE Runtime Environment 18.9 (11.0.14+8) (build 11.0.14+8-LTS-263)
# Java VM: Java HotSpot(TM) 64-Bit Server VM 18.9 (11.0.14+8-LTS-263, mixed mode, tiered, compressed oops, g1 gc, windows-amd64)
Heap:
 garbage-first heap   total 312320K, used 106862K [0x0000000702000000, 0x0000000800000000)
  region size 1024K, 89 young (91136K), 20 survivors (20480K)
 Metaspace       used 71430K, capacity 73911K, committed 74288K, reserved 1114112K
  class space    used 9541K, capacity 10502K, committed 10624K, reserved 1048576K
GC Heap History (10 events):
Event: 1.596 GC heap before
{Heap before GC invocations=4 (full 0):
 garbage-first heap   total 260096K, used 61149K [0x0000000702000000, 0x0000000800000000)
  region size 1024K, 53 young (54272K), 3 survivors (3072K)
 Metaspace       used 24439K, capacity 25322K, committed 25520K, reserved 1071104K
  class space    used 2951K, capacity 3328K, committed 3328K, reserved 1048576K
}
Event: 1.600 GC heap after
{Heap after GC invocations=5 (full 0):
 garbage-first heap   total 260096K, used 12110K [0x0000000702000000, 0x0000000800000000)
  region size 1024K, 5 young (5120K), 5 survivors (5120K)
 Metaspace       used 24439K, capacity 25322K, committed 25520K, reserved 1071104K
  class space    used 2951K, capacity 3328K, committed 3328K, reserved 1048576K
}
Event: 2.534 GC heap before
{Heap before GC invocations=5 (full 0):
 garbage-first heap   total 260096K, used 160590K [0x0000000702000000, 0x0000000800000000)
  region size 1024K, 151 young (154624K), 5 survivors (5120K)
 Metaspace       used 34487K, capacity 35803K, committed 35888K, reserved 1081344K
  class space    used 4393K, capacity 4962K, committed 4992K, reserved 1048576K
}
Event: 2.543 GC heap after
{Heap after GC invocations=6 (full 0):
 garbage-first heap   total 260096K, used 18800K [0x0000000702000000, 0x0000000800000000)
  region size 1024K, 11 young (11264K), 11 survivors (11264K)
 Metaspace       used 34487K, capacity 35803K, committed 35888K, reserved 1081344K
  class space    used 4393K, capacity 4962K, committed 4992K, reserved 1048576K
}
Event: 3.674 GC heap before
{Heap before GC invocations=7 (full 0):
 garbage-first heap   total 260096K, used 163184K [0x0000000702000000, 0x0000000800000000)
  region size 1024K, 152 young (155648K), 11 survivors (11264K)
 Metaspace       used 53794K, capacity 55519K, committed 55728K, reserved 1097728K
  class space    used 7108K, capacity 7810K, committed 7936K, reserved 1048576K
}
Event: 3.686 GC heap after
{Heap after GC invocations=8 (full 0):
 garbage-first heap   total 260096K, used 25916K [0x0000000702000000, 0x0000000800000000)
  region size 1024K, 16 young (16384K), 16 survivors (16384K)
 Metaspace       used 53794K, capacity 55519K, committed 55728K, reserved 1097728K
  class space    used 7108K, capacity 7810K, committed 7936K, reserved 1048576K
}
Event: 4.151 GC heap before
{Heap before GC invocations=8 (full 0):
 garbage-first heap   total 260096K, used 142652K [0x0000000702000000, 0x0000000800000000)
  region size 1024K, 131 young (134144K), 16 survivors (16384K)
 Metaspace       used 58236K, capacity 60116K, committed 60208K, reserved 1101824K
  class space    used 7695K, capacity 8496K, committed 8576K, reserved 1048576K
}
Event: 4.164 GC heap after
{Heap after GC invocations=9 (full 0):
 garbage-first heap   total 312320K, used 30157K [0x0000000702000000, 0x0000000800000000)
  region size 1024K, 12 young (12288K), 12 survivors (12288K)
 Metaspace       used 58236K, capacity 60116K, committed 60208K, reserved 1101824K
  class space    used 7695K, capacity 8496K, committed 8576K, reserved 1048576K
}
Event: 59.718 GC heap before
{Heap before GC invocations=10 (full 0):
 garbage-first heap   total 312320K, used 205261K [0x0000000702000000, 0x0000000800000000)
  region size 1024K, 183 young (187392K), 12 survivors (12288K)
 Metaspace       used 69168K, capacity 71527K, committed 71600K, reserved 1110016K
  class space    used 9259K, capacity 10204K, committed 10240K, reserved 1048576K
}
Event: 59.731 GC heap after
{Heap after GC invocations=11 (full 0):
 garbage-first heap   total 312320K, used 38254K [0x0000000702000000, 0x0000000800000000)
  region size 1024K, 20 young (20480K), 20 survivors (20480K)
 Metaspace       used 69168K, capacity 71527K, committed 71600K, reserved 1110016K
  class space    used 9259K, capacity 10204K, committed 10240K, reserved 1048576K
}

